Using pre-set license
Built from '2020.3/staging' branch; Version is '2020.3.4f1 (0abb6314276a) revision 703331'; Using compiler version '192528614'; Build Type 'Release'
OS: 'Windows 10 Pro; OS build 18363.1500; Version 1909; 64bit' Language: 'es' Physical Memory: 16317 MB
BatchMode: 1, IsHumanControllingUs: 0, StartBugReporterOnCrash: 0, Is64bit: 1, IsPro: 0

 COMMAND LINE ARGUMENTS:
D:\Unity\2020.3.4f1\Editor\Unity.exe
-adb2
-batchMode
-noUpm
-name
AssetImportWorker0
-projectPath
D:/Documentos/Unity/lab1
-logFile
Logs/AssetImportWorker0.log
-srvPort
51209
Successfully changed project path to: D:/Documentos/Unity/lab1
D:/Documentos/Unity/lab1
Using Asset Import Pipeline V2.
Refreshing native plugins compatible for Editor in 35.61 ms, found 0 plugins.
Preloading 0 native plugins for Editor in 0.00 ms.
Initialize engine version: 2020.3.4f1 (0abb6314276a)
[Subsystems] Discovering subsystems at path D:/Unity/2020.3.4f1/Editor/Data/Resources/UnitySubsystems
[Subsystems] Discovering subsystems at path D:/Documentos/Unity/lab1/Assets
GfxDevice: creating device client; threaded=0
Direct3D:
    Version:  Direct3D 11.0 [level 11.1]
    Renderer: NVIDIA GeForce GTX 970 (ID=0x13c2)
    Vendor:   
    VRAM:     4043 MB
    Driver:   27.21.14.6611
Initialize mono
Mono path[0] = 'D:/Unity/2020.3.4f1/Editor/Data/Managed'
Mono path[1] = 'D:/Unity/2020.3.4f1/Editor/Data/MonoBleedingEdge/lib/mono/unityjit'
Mono config path = 'D:/Unity/2020.3.4f1/Editor/Data/MonoBleedingEdge/etc'
Using monoOptions --debugger-agent=transport=dt_socket,embedding=1,server=y,suspend=n,address=127.0.0.1:56592
Begin MonoManager ReloadAssembly
Registering precompiled unity dll's ...
Register platform support module: D:/Unity/2020.3.4f1/Editor/Data/PlaybackEngines/WebGLSupport/UnityEditor.WebGL.Extensions.dll
Register platform support module: D:/Unity/2020.3.4f1/Editor/Data/PlaybackEngines/WindowsStandaloneSupport/UnityEditor.WindowsStandalone.Extensions.dll
Registered in 0.001444 seconds.
Native extension for WindowsStandalone target not found
Native extension for WebGL target not found
Refreshing native plugins compatible for Editor in 26.96 ms, found 0 plugins.
Preloading 0 native plugins for Editor in 0.00 ms.
Mono: successfully reloaded assembly
- Completed reload, in  7.868 seconds
Platform modules already initialized, skipping
Registering precompiled user dll's ...
Registered in 0.000727 seconds.
Begin MonoManager ReloadAssembly
Native extension for WindowsStandalone target not found
Native extension for WebGL target not found
Refreshing native plugins compatible for Editor in 0.26 ms, found 0 plugins.
Preloading 0 native plugins for Editor in 0.00 ms.
Mono: successfully reloaded assembly
- Completed reload, in  0.878 seconds
Platform modules already initialized, skipping
========================================================================
Worker process is ready to serve import requests
Launched and connected shader compiler UnityShaderCompiler.exe after 0.08 seconds
Refreshing native plugins compatible for Editor in 0.58 ms, found 0 plugins.
Preloading 0 native plugins for Editor in 0.00 ms.
Unloading 1115 Unused Serialized files (Serialized files now loaded: 0)
System memory in use before: 57.1 MB.
System memory in use after: 57.2 MB.

Unloading 10 unused Assets to reduce memory usage. Loaded Objects now: 1557.
Total: 2.014800 ms (FindLiveObjects: 0.167100 ms CreateObjectMapping: 0.034600 ms MarkObjects: 1.733400 ms  DeleteObjects: 0.078700 ms)

========================================================================
Received Import Request.
  path: Assets/Materials
  artifactKey: Guid(9dba75a920af5d249b34c5c077fb1e05) Importer(815301076,1909f56bfc062723c751e8b465ee728b)
Start importing Assets/Materials using Guid(9dba75a920af5d249b34c5c077fb1e05) Importer(815301076,1909f56bfc062723c751e8b465ee728b)  -> (artifact id: '9525d0413106e00fa2a570e573a79070') in 0.028999 seconds
  Import took 0.031247 seconds .

========================================================================
Received Import Request.
  Time since last request: 60.580499 seconds.
  path: Assets/Materials/NewMaterial.mat
  artifactKey: Guid(f99bbea8a5db8d14a8a722b2832ba82e) Importer(815301076,1909f56bfc062723c751e8b465ee728b)
Start importing Assets/Materials/NewMaterial.mat using Guid(f99bbea8a5db8d14a8a722b2832ba82e) Importer(815301076,1909f56bfc062723c751e8b465ee728b)  -> (artifact id: '55b9b1ed035e205dada5e00045b40842') in 0.311416 seconds
  Import took 0.335848 seconds .

========================================================================
Received Import Request.
  Time since last request: 127.554506 seconds.
  path: Assets/Materials/NewMaterialFloor.mat
  artifactKey: Guid(19e533342c0426e489a9797dfd0c3d7c) Importer(815301076,1909f56bfc062723c751e8b465ee728b)
Start importing Assets/Materials/NewMaterialFloor.mat using Guid(19e533342c0426e489a9797dfd0c3d7c) Importer(815301076,1909f56bfc062723c751e8b465ee728b)  -> (artifact id: '7a401e35d7fcdcec78f583f7b5b19996') in 0.008387 seconds
  Import took 0.013780 seconds .

========================================================================
Received Prepare
Registering precompiled user dll's ...
Registered in 0.000760 seconds.
Begin MonoManager ReloadAssembly
Native extension for WindowsStandalone target not found
Native extension for WebGL target not found
Refreshing native plugins compatible for Editor in 0.28 ms, found 0 plugins.
Preloading 0 native plugins for Editor in 0.00 ms.
Mono: successfully reloaded assembly
- Completed reload, in  0.800 seconds
Platform modules already initialized, skipping
Refreshing native plugins compatible for Editor in 0.21 ms, found 0 plugins.
Preloading 0 native plugins for Editor in 0.00 ms.
Unloading 1110 Unused Serialized files (Serialized files now loaded: 0)
System memory in use before: 60.4 MB.
System memory in use after: 60.4 MB.

Unloading 5 unused Assets to reduce memory usage. Loaded Objects now: 1600.
Total: 1.561500 ms (FindLiveObjects: 0.133400 ms CreateObjectMapping: 0.027400 ms MarkObjects: 1.354500 ms  DeleteObjects: 0.045000 ms)

========================================================================
Received Import Request.
  Time since last request: 405.737031 seconds.
  path: Assets/Materials/NewMaterial.mat
  artifactKey: Guid(f99bbea8a5db8d14a8a722b2832ba82e) Importer(815301076,1909f56bfc062723c751e8b465ee728b)
Start importing Assets/Materials/NewMaterial.mat using Guid(f99bbea8a5db8d14a8a722b2832ba82e) Importer(815301076,1909f56bfc062723c751e8b465ee728b)  -> (artifact id: 'b014b75e3620fbab1d3bf3c7b9e02f09') in 0.063778 seconds
  Import took 0.065866 seconds .

========================================================================
Received Import Request.
  Time since last request: 0.000259 seconds.
  path: Assets/Materials/NewMaterialFloor.mat
  artifactKey: Guid(19e533342c0426e489a9797dfd0c3d7c) Importer(815301076,1909f56bfc062723c751e8b465ee728b)
Start importing Assets/Materials/NewMaterialFloor.mat using Guid(19e533342c0426e489a9797dfd0c3d7c) Importer(815301076,1909f56bfc062723c751e8b465ee728b)  -> (artifact id: '7d76d559e45fbe604591f9d4ed597992') in 0.008188 seconds
  Import took 0.010289 seconds .

========================================================================
Received Import Request.
  Time since last request: 11.820807 seconds.
  path: Assets/Materials/NewMaterial.mat
  artifactKey: Guid(f99bbea8a5db8d14a8a722b2832ba82e) Importer(815301076,1909f56bfc062723c751e8b465ee728b)
Start importing Assets/Materials/NewMaterial.mat using Guid(f99bbea8a5db8d14a8a722b2832ba82e) Importer(815301076,1909f56bfc062723c751e8b465ee728b)  -> (artifact id: 'c8adca0600c90beb57e97c4ea98ba9b0') in 0.010671 seconds
  Import took 0.034039 seconds .

========================================================================
Received Prepare
Registering precompiled user dll's ...
Registered in 0.000752 seconds.
Begin MonoManager ReloadAssembly
Native extension for WindowsStandalone target not found
Native extension for WebGL target not found
Refreshing native plugins compatible for Editor in 0.22 ms, found 0 plugins.
Preloading 0 native plugins for Editor in 0.00 ms.
Mono: successfully reloaded assembly
- Completed reload, in  0.816 seconds
Platform modules already initialized, skipping
Refreshing native plugins compatible for Editor in 0.29 ms, found 0 plugins.
Preloading 0 native plugins for Editor in 0.00 ms.
Unloading 1111 Unused Serialized files (Serialized files now loaded: 0)
System memory in use before: 60.4 MB.
System memory in use after: 60.5 MB.

Unloading 5 unused Assets to reduce memory usage. Loaded Objects now: 1605.
Total: 2.660900 ms (FindLiveObjects: 0.341300 ms CreateObjectMapping: 0.033600 ms MarkObjects: 2.214800 ms  DeleteObjects: 0.069600 ms)

========================================================================
Received Prepare
Registering precompiled user dll's ...
Registered in 0.000625 seconds.
Begin MonoManager ReloadAssembly
Native extension for WindowsStandalone target not found
Native extension for WebGL target not found
Refreshing native plugins compatible for Editor in 0.21 ms, found 0 plugins.
Preloading 0 native plugins for Editor in 0.00 ms.
Mono: successfully reloaded assembly
- Completed reload, in  0.834 seconds
Platform modules already initialized, skipping
Refreshing native plugins compatible for Editor in 0.22 ms, found 0 plugins.
Preloading 0 native plugins for Editor in 0.00 ms.
Unloading 1111 Unused Serialized files (Serialized files now loaded: 0)
System memory in use before: 60.4 MB.
System memory in use after: 60.5 MB.

Unloading 5 unused Assets to reduce memory usage. Loaded Objects now: 1608.
Total: 1.962000 ms (FindLiveObjects: 0.200800 ms CreateObjectMapping: 0.032000 ms MarkObjects: 1.658200 ms  DeleteObjects: 0.069500 ms)

========================================================================
Received Import Request.
  Time since last request: 170.265751 seconds.
  path: Assets/Character.cs
  artifactKey: Guid(3968ee850f8b63d4f921bc2eaf18c20e) Importer(815301076,1909f56bfc062723c751e8b465ee728b)
Start importing Assets/Character.cs using Guid(3968ee850f8b63d4f921bc2eaf18c20e) Importer(815301076,1909f56bfc062723c751e8b465ee728b)  -> (artifact id: '73ced5d7a0d789cec7e48e7c1b05533c') in 0.008693 seconds
  Import took 0.032743 seconds .

========================================================================
Received Prepare
Registering precompiled user dll's ...
Registered in 0.000937 seconds.
Begin MonoManager ReloadAssembly
Native extension for WindowsStandalone target not found
Native extension for WebGL target not found
Refreshing native plugins compatible for Editor in 0.23 ms, found 0 plugins.
Preloading 0 native plugins for Editor in 0.00 ms.
Mono: successfully reloaded assembly
- Completed reload, in  0.811 seconds
Platform modules already initialized, skipping
Refreshing native plugins compatible for Editor in 0.22 ms, found 0 plugins.
Preloading 0 native plugins for Editor in 0.00 ms.
Unloading 1111 Unused Serialized files (Serialized files now loaded: 0)
System memory in use before: 60.4 MB.
System memory in use after: 60.5 MB.

Unloading 5 unused Assets to reduce memory usage. Loaded Objects now: 1611.
Total: 1.799500 ms (FindLiveObjects: 0.183000 ms CreateObjectMapping: 0.038500 ms MarkObjects: 1.519800 ms  DeleteObjects: 0.057000 ms)

========================================================================
Received Import Request.
  Time since last request: 324.943576 seconds.
  path: Assets/Character.cs
  artifactKey: Guid(3968ee850f8b63d4f921bc2eaf18c20e) Importer(815301076,1909f56bfc062723c751e8b465ee728b)
Start importing Assets/Character.cs using Guid(3968ee850f8b63d4f921bc2eaf18c20e) Importer(815301076,1909f56bfc062723c751e8b465ee728b)  -> (artifact id: 'a816594f08d1469285d535dc65a95168') in 0.004129 seconds
  Import took 0.006432 seconds .

========================================================================
Received Prepare
Registering precompiled user dll's ...
Registered in 0.000806 seconds.
Begin MonoManager ReloadAssembly
Native extension for WindowsStandalone target not found
Native extension for WebGL target not found
Refreshing native plugins compatible for Editor in 0.21 ms, found 0 plugins.
Preloading 0 native plugins for Editor in 0.00 ms.
Mono: successfully reloaded assembly
- Completed reload, in  0.826 seconds
Platform modules already initialized, skipping
Refreshing native plugins compatible for Editor in 0.22 ms, found 0 plugins.
Preloading 0 native plugins for Editor in 0.00 ms.
Unloading 1111 Unused Serialized files (Serialized files now loaded: 0)
System memory in use before: 60.5 MB.
System memory in use after: 60.5 MB.

Unloading 5 unused Assets to reduce memory usage. Loaded Objects now: 1614.
Total: 1.590900 ms (FindLiveObjects: 0.179500 ms CreateObjectMapping: 0.026500 ms MarkObjects: 1.329400 ms  DeleteObjects: 0.054200 ms)

========================================================================
Received Import Request.
  Time since last request: 190.917698 seconds.
  path: Assets/Character.cs
  artifactKey: Guid(3968ee850f8b63d4f921bc2eaf18c20e) Importer(815301076,1909f56bfc062723c751e8b465ee728b)
Start importing Assets/Character.cs using Guid(3968ee850f8b63d4f921bc2eaf18c20e) Importer(815301076,1909f56bfc062723c751e8b465ee728b)  -> (artifact id: '0d5940812dcfa445b36bdf7af75f05e1') in 0.004740 seconds
  Import took 0.026902 seconds .

========================================================================
Received Prepare
Registering precompiled user dll's ...
Registered in 0.000855 seconds.
Begin MonoManager ReloadAssembly
Native extension for WindowsStandalone target not found
Native extension for WebGL target not found
Refreshing native plugins compatible for Editor in 0.22 ms, found 0 plugins.
Preloading 0 native plugins for Editor in 0.00 ms.
Mono: successfully reloaded assembly
- Completed reload, in  0.859 seconds
Platform modules already initialized, skipping
Refreshing native plugins compatible for Editor in 0.21 ms, found 0 plugins.
Preloading 0 native plugins for Editor in 0.00 ms.
Unloading 1111 Unused Serialized files (Serialized files now loaded: 0)
System memory in use before: 60.5 MB.
System memory in use after: 60.6 MB.

Unloading 5 unused Assets to reduce memory usage. Loaded Objects now: 1617.
Total: 2.447700 ms (FindLiveObjects: 0.310300 ms CreateObjectMapping: 0.048400 ms MarkObjects: 2.020500 ms  DeleteObjects: 0.066900 ms)

========================================================================
Received Prepare
Registering precompiled user dll's ...
Registered in 0.000656 seconds.
Begin MonoManager ReloadAssembly
Native extension for WindowsStandalone target not found
Native extension for WebGL target not found
Refreshing native plugins compatible for Editor in 0.23 ms, found 0 plugins.
Preloading 0 native plugins for Editor in 0.00 ms.
Mono: successfully reloaded assembly
- Completed reload, in  0.839 seconds
Platform modules already initialized, skipping
Refreshing native plugins compatible for Editor in 0.22 ms, found 0 plugins.
Preloading 0 native plugins for Editor in 0.00 ms.
Unloading 1111 Unused Serialized files (Serialized files now loaded: 0)
System memory in use before: 60.5 MB.
System memory in use after: 60.6 MB.

Unloading 5 unused Assets to reduce memory usage. Loaded Objects now: 1620.
Total: 1.771200 ms (FindLiveObjects: 0.145800 ms CreateObjectMapping: 0.028300 ms MarkObjects: 1.540300 ms  DeleteObjects: 0.055000 ms)

========================================================================
Received Prepare
Registering precompiled user dll's ...
Registered in 0.000792 seconds.
Begin MonoManager ReloadAssembly
Native extension for WindowsStandalone target not found
Native extension for WebGL target not found
Refreshing native plugins compatible for Editor in 0.27 ms, found 0 plugins.
Preloading 0 native plugins for Editor in 0.00 ms.
Mono: successfully reloaded assembly
- Completed reload, in  0.834 seconds
Platform modules already initialized, skipping
Refreshing native plugins compatible for Editor in 0.21 ms, found 0 plugins.
Preloading 0 native plugins for Editor in 0.00 ms.
Unloading 1111 Unused Serialized files (Serialized files now loaded: 0)
System memory in use before: 60.5 MB.
System memory in use after: 60.6 MB.

Unloading 5 unused Assets to reduce memory usage. Loaded Objects now: 1623.
Total: 1.631400 ms (FindLiveObjects: 0.153600 ms CreateObjectMapping: 0.028600 ms MarkObjects: 1.399700 ms  DeleteObjects: 0.048500 ms)

AssetImportWorkerClient::OnTransportError - code=2 error=End of file
